<?xml version="1.0" encoding="UTF-8"?>
<!-- Generated by org.testng.reporters.JUnitReportReporter -->
<testsuite hostname="Dell-PC" name="com.BSNL.WebUI.test.login.SignInTC04" tests="1" failures="0" timestamp="21 Jul 2017 21:40:44 GMT" time="17.257" errors="0">
  <testcase name="SignIn_TC03" time="17.257" classname="com.BSNL.WebUI.test.login.SignInTC04"/>
</testsuite> <!-- com.BSNL.WebUI.test.login.SignInTC04 -->
