<?xml version="1.0" encoding="UTF-8"?>
<!-- Generated by org.testng.reporters.JUnitReportReporter -->
<testsuite hostname="Dell-PC" name="com.BSNL.WebUI.test.login.SignInTC01" tests="1" failures="0" timestamp="22 Jul 2017 12:00:01 GMT" time="17.708" errors="0">
  <testcase name="SignIn_TC01" time="17.708" classname="com.BSNL.WebUI.test.login.SignInTC01"/>
</testsuite> <!-- com.BSNL.WebUI.test.login.SignInTC01 -->
