<?xml version="1.0" encoding="UTF-8"?>
<!-- Generated by org.testng.reporters.JUnitReportReporter -->
<testsuite hostname="Dell-PC" name="com.BSNL.WebUI.test.login.SignInTC03" tests="1" failures="0" timestamp="22 Jul 2017 12:00:01 GMT" time="18.801" errors="0">
  <testcase name="SignIn_TC03" time="18.801" classname="com.BSNL.WebUI.test.login.SignInTC03"/>
</testsuite> <!-- com.BSNL.WebUI.test.login.SignInTC03 -->
