<?xml version="1.0" encoding="UTF-8"?>
<!-- Generated by org.testng.reporters.JUnitReportReporter -->
<testsuite hostname="Dell-PC" name="com.BSNL.WebUI.test.login.SignInTC06" tests="1" failures="0" timestamp="22 Jul 2017 12:00:01 GMT" time="48.952" errors="0">
  <testcase name="SignIn_TC06" time="48.952" classname="com.BSNL.WebUI.test.login.SignInTC06"/>
</testsuite> <!-- com.BSNL.WebUI.test.login.SignInTC06 -->
