<?xml version="1.0" encoding="UTF-8"?>
<!-- Generated by org.testng.reporters.JUnitReportReporter -->
<testsuite hostname="Dappy-PC" name="com.BSNL.WebUI.test.login.SignInTC02" tests="1" failures="0" timestamp="22 Jul 2017 10:59:08 GMT" time="15.760" errors="0">
  <testcase name="SignIn_TC02" time="15.760" classname="com.BSNL.WebUI.test.login.SignInTC02"/>
</testsuite> <!-- com.BSNL.WebUI.test.login.SignInTC02 -->
