<?xml version="1.0" encoding="UTF-8"?>
<!-- Generated by org.testng.reporters.JUnitReportReporter -->
<testsuite hostname="Dappy-PC" name="com.BSNL.WebUI.test.login.SignInTC01" tests="1" failures="0" timestamp="22 Jul 2017 10:59:08 GMT" time="13.993" errors="0">
  <testcase name="SignIn_TC01" time="13.993" classname="com.BSNL.WebUI.test.login.SignInTC01"/>
</testsuite> <!-- com.BSNL.WebUI.test.login.SignInTC01 -->
