<?xml version="1.0" encoding="UTF-8"?>
<!-- Generated by org.testng.reporters.JUnitReportReporter -->
<testsuite hostname="Dell-PC" name="com.BSNL.WebUI.test.login.SignInTC05" tests="1" failures="0" timestamp="21 Jul 2017 21:40:44 GMT" time="18.789" errors="0">
  <testcase name="SignIn_TC03" time="18.789" classname="com.BSNL.WebUI.test.login.SignInTC05"/>
</testsuite> <!-- com.BSNL.WebUI.test.login.SignInTC05 -->
