<?xml version="1.0" encoding="UTF-8"?>
<!-- Generated by org.testng.reporters.JUnitReportReporter -->
<testsuite hostname="Dell-PC" name="com.BSNL.WebUI.test.login.SignInTC01" tests="1" failures="0" timestamp="29 Jul 2017 10:58:53 GMT" time="17.189" errors="0">
  <testcase name="SignIn_TC01" time="17.189" classname="com.BSNL.WebUI.test.login.SignInTC01"/>
</testsuite> <!-- com.BSNL.WebUI.test.login.SignInTC01 -->
